<?xml version="1.0" encoding="UTF-8"?>
<coverage generated="1741814946939" clover="3.2.0">
  <project timestamp="1741814946939" name="All files">
    <metrics statements="26" coveredstatements="25" conditionals="18" coveredconditionals="14" methods="4" coveredmethods="3" elements="48" coveredelements="42" complexity="0" loc="26" ncloc="26" packages="1" files="1" classes="1"/>
    <file name="background.js" path="/Users/adambaldwin/Documents/page-summarizer/background.js">
      <metrics statements="26" coveredstatements="25" conditionals="18" coveredconditionals="14" methods="4" coveredmethods="3"/>
      <line num="2" count="1" type="stmt"/>
      <line num="3" count="1" type="cond" truecount="1" falsecount="1"/>
      <line num="4" count="1" type="stmt"/>
      <line num="10" count="1" type="stmt"/>
      <line num="11" count="0" type="stmt"/>
      <line num="12" count="1" type="stmt"/>
      <line num="17" count="4" type="stmt"/>
      <line num="18" count="4" type="stmt"/>
      <line num="22" count="4" type="stmt"/>
      <line num="44" count="3" type="stmt"/>
      <line num="45" count="2" type="stmt"/>
      <line num="47" count="2" type="stmt"/>
      <line num="48" count="5" type="stmt"/>
      <line num="49" count="5" type="cond" truecount="2" falsecount="0"/>
      <line num="51" count="4" type="stmt"/>
      <line num="52" count="4" type="stmt"/>
      <line num="54" count="4" type="stmt"/>
      <line num="55" count="7" type="cond" truecount="4" falsecount="0"/>
      <line num="56" count="3" type="stmt"/>
      <line num="57" count="2" type="cond" truecount="1" falsecount="1"/>
      <line num="58" count="2" type="cond" truecount="1" falsecount="1"/>
      <line num="61" count="2" type="stmt"/>
      <line num="71" count="1" type="stmt"/>
      <line num="73" count="3" type="stmt"/>
      <line num="81" count="1" type="cond" truecount="3" falsecount="1"/>
      <line num="82" count="1" type="stmt"/>
    </file>
  </project>
</coverage>
