{"/Users/adambaldwin/Documents/page-summarizer/background.js": {"path":"/Users/adambaldwin/Documents/page-summarizer/background.js","statementMap":{"0":{"start":{"line":2,"column":0},"end":{"line":14,"column":3}},"1":{"start":{"line":3,"column":2},"end":{"line":13,"column":3}},"2":{"start":{"line":4,"column":4},"end":{"line":11,"column":64}},"3":{"start":{"line":10,"column":25},"end":{"line":10,"column":46}},"4":{"start":{"line":11,"column":24},"end":{"line":11,"column":62}},"5":{"start":{"line":12,"column":4},"end":{"line":12,"column":16}},"6":{"start":{"line":17,"column":2},"end":{"line":77,"column":3}},"7":{"start":{"line":18,"column":25},"end":{"line":20,"column":6}},"8":{"start":{"line":22,"column":21},"end":{"line":42,"column":6}},"9":{"start":{"line":44,"column":19},"end":{"line":44,"column":44}},"10":{"start":{"line":45,"column":20},"end":{"line":45,"column":37}},"11":{"start":{"line":47,"column":4},"end":{"line":68,"column":5}},"12":{"start":{"line":48,"column":30},"end":{"line":48,"column":49}},"13":{"start":{"line":49,"column":6},"end":{"line":49,"column":22}},"14":{"start":{"line":49,"column":16},"end":{"line":49,"column":22}},"15":{"start":{"line":51,"column":20},"end":{"line":51,"column":41}},"16":{"start":{"line":52,"column":20},"end":{"line":52,"column":37}},"17":{"start":{"line":54,"column":6},"end":{"line":67,"column":7}},"18":{"start":{"line":55,"column":8},"end":{"line":66,"column":9}},"19":{"start":{"line":56,"column":23},"end":{"line":56,"column":48}},"20":{"start":{"line":57,"column":24},"end":{"line":57,"column":61}},"21":{"start":{"line":58,"column":10},"end":{"line":65,"column":11}},"22":{"start":{"line":61,"column":12},"end":{"line":64,"column":15}},"23":{"start":{"line":71,"column":4},"end":{"line":71,"column":59}},"24":{"start":{"line":73,"column":4},"end":{"line":76,"column":7}},"25":{"start":{"line":81,"column":0},"end":{"line":83,"column":1}},"26":{"start":{"line":82,"column":2},"end":{"line":82,"column":40}}},"fnMap":{"0":{"name":"(anonymous_0)","decl":{"start":{"line":2,"column":37},"end":{"line":2,"column":38}},"loc":{"start":{"line":2,"column":72},"end":{"line":14,"column":1}},"line":2},"1":{"name":"(anonymous_1)","decl":{"start":{"line":10,"column":12},"end":{"line":10,"column":13}},"loc":{"start":{"line":10,"column":25},"end":{"line":10,"column":46}},"line":10},"2":{"name":"(anonymous_2)","decl":{"start":{"line":11,"column":13},"end":{"line":11,"column":14}},"loc":{"start":{"line":11,"column":24},"end":{"line":11,"column":62}},"line":11},"3":{"name":"summarizeContent","decl":{"start":{"line":16,"column":15},"end":{"line":16,"column":31}},"loc":{"start":{"line":16,"column":62},"end":{"line":78,"column":1}},"line":16}},"branchMap":{"0":{"loc":{"start":{"line":3,"column":2},"end":{"line":13,"column":3}},"type":"if","locations":[{"start":{"line":3,"column":2},"end":{"line":13,"column":3}},{"start":{},"end":{}}],"line":3},"1":{"loc":{"start":{"line":19,"column":6},"end":{"line":19,"column":18}},"type":"binary-expr","locations":[{"start":{"line":19,"column":6},"end":{"line":19,"column":12}},{"start":{"line":19,"column":16},"end":{"line":19,"column":18}}],"line":19},"2":{"loc":{"start":{"line":49,"column":6},"end":{"line":49,"column":22}},"type":"if","locations":[{"start":{"line":49,"column":6},"end":{"line":49,"column":22}},{"start":{},"end":{}}],"line":49},"3":{"loc":{"start":{"line":55,"column":8},"end":{"line":66,"column":9}},"type":"if","locations":[{"start":{"line":55,"column":8},"end":{"line":66,"column":9}},{"start":{},"end":{}}],"line":55},"4":{"loc":{"start":{"line":55,"column":12},"end":{"line":55,"column":64}},"type":"binary-expr","locations":[{"start":{"line":55,"column":12},"end":{"line":55,"column":37}},{"start":{"line":55,"column":41},"end":{"line":55,"column":64}}],"line":55},"5":{"loc":{"start":{"line":57,"column":24},"end":{"line":57,"column":61}},"type":"binary-expr","locations":[{"start":{"line":57,"column":24},"end":{"line":57,"column":55}},{"start":{"line":57,"column":59},"end":{"line":57,"column":61}}],"line":57},"6":{"loc":{"start":{"line":58,"column":10},"end":{"line":65,"column":11}},"type":"if","locations":[{"start":{"line":58,"column":10},"end":{"line":65,"column":11}},{"start":{},"end":{}}],"line":58},"7":{"loc":{"start":{"line":81,"column":0},"end":{"line":83,"column":1}},"type":"if","locations":[{"start":{"line":81,"column":0},"end":{"line":83,"column":1}},{"start":{},"end":{}}],"line":81},"8":{"loc":{"start":{"line":81,"column":4},"end":{"line":81,"column":51}},"type":"binary-expr","locations":[{"start":{"line":81,"column":4},"end":{"line":81,"column":33}},{"start":{"line":81,"column":37},"end":{"line":81,"column":51}}],"line":81}},"s":{"0":1,"1":1,"2":1,"3":1,"4":0,"5":1,"6":4,"7":4,"8":4,"9":3,"10":2,"11":2,"12":5,"13":5,"14":1,"15":4,"16":4,"17":4,"18":7,"19":3,"20":2,"21":2,"22":2,"23":1,"24":3,"25":1,"26":1},"f":{"0":1,"1":1,"2":0,"3":4},"b":{"0":[1,0],"1":[4,1],"2":[1,4],"3":[3,4],"4":[7,4],"5":[2,0],"6":[2,0],"7":[1,0],"8":[1,1]},"_coverageSchema":"1a1c01bbd47fc00a2c39e90264f33305004495a9","hash":"c3425a85dd2ddc8dbfdd54ca62a3e7091f73b7b5"}
}
