TN:
SF:background.js
FN:2,(anonymous_0)
FN:10,(anonymous_1)
FN:11,(anonymous_2)
FN:16,summarizeContent
FNF:4
FNH:3
FNDA:1,(anonymous_0)
FNDA:1,(anonymous_1)
FNDA:0,(anonymous_2)
FNDA:4,summarizeContent
DA:2,1
DA:3,1
DA:4,1
DA:10,1
DA:11,0
DA:12,1
DA:17,4
DA:18,4
DA:22,4
DA:44,3
DA:45,2
DA:47,2
DA:48,5
DA:49,5
DA:51,4
DA:52,4
DA:54,4
DA:55,7
DA:56,3
DA:57,2
DA:58,2
DA:61,2
DA:71,1
DA:73,3
DA:81,1
DA:82,1
LF:26
LH:25
BRDA:3,0,0,1
BRDA:3,0,1,0
BRDA:19,1,0,4
BRDA:19,1,1,1
BRDA:49,2,0,1
BRDA:49,2,1,4
BRDA:55,3,0,3
BRDA:55,3,1,4
BRDA:55,4,0,7
BRDA:55,4,1,4
BRDA:57,5,0,2
BRDA:57,5,1,0
BRDA:58,6,0,2
BRDA:58,6,1,0
BRDA:81,7,0,1
BRDA:81,7,1,0
BRDA:81,8,0,1
BRDA:81,8,1,1
BRF:18
BRH:14
end_of_record
